[debug] [2022-05-23T14:23:28.134Z] ----------------------------------------------------------------------
[debug] [2022-05-23T14:23:28.140Z] Command:       C:\Program Files\nodejs\node.exe C:\Users\lnr99\AppData\Roaming\npm\node_modules\firebase-tools\lib\bin\firebase.js serve
[debug] [2022-05-23T14:23:28.141Z] CLI Version:   9.18.0
[debug] [2022-05-23T14:23:28.141Z] Platform:      win32
[debug] [2022-05-23T14:23:28.141Z] Node Version:  v14.17.6
[debug] [2022-05-23T14:23:28.143Z] Time:          Mon May 23 2022 23:23:28 GMT+0900 (대한민국 표준시)
[debug] [2022-05-23T14:23:28.144Z] ----------------------------------------------------------------------
[debug] 
[debug] [2022-05-23T14:23:28.320Z] > command requires scopes: ["email","openid","https://www.googleapis.com/auth/cloudplatformprojects.readonly","https://www.googleapis.com/auth/firebase","https://www.googleapis.com/auth/cloud-platform"]
[debug] [2022-05-23T14:23:28.321Z] > authorizing via signed-in user (lnr9920@gmail.com)
[debug] [2022-05-23T14:23:28.321Z] [iam] checking project hdd-client for permissions ["firebase.projects.get"]
[debug] [2022-05-23T14:23:28.325Z] > refreshing access token with scopes: ["email","https://www.googleapis.com/auth/cloud-platform","https://www.googleapis.com/auth/cloudplatformprojects.readonly","https://www.googleapis.com/auth/firebase","openid"]
[debug] [2022-05-23T14:23:28.326Z] >>> HTTP REQUEST POST https://www.googleapis.com/oauth2/v3/token  
 <request body omitted>
[debug] [2022-05-23T14:23:28.579Z] <<< HTTP RESPONSE 200 {"date":"Mon, 23 May 2022 14:23:27 GMT","expires":"Mon, 01 Jan 1990 00:00:00 GMT","pragma":"no-cache","cache-control":"no-cache, no-store, max-age=0, must-revalidate","content-type":"application/json; charset=utf-8","vary":"X-Origin, Referer, Origin,Accept-Encoding","server":"scaffolding on HTTPServer2","x-xss-protection":"0","x-frame-options":"SAMEORIGIN","x-content-type-options":"nosniff","alt-svc":"h3=\":443\"; ma=2592000,h3-29=\":443\"; ma=2592000,h3-Q050=\":443\"; ma=2592000,h3-Q046=\":443\"; ma=2592000,h3-Q043=\":443\"; ma=2592000,quic=\":443\"; ma=2592000; v=\"46,43\"","accept-ranges":"none","transfer-encoding":"chunked"}
[debug] [2022-05-23T14:23:28.615Z] >>> HTTP REQUEST POST https://cloudresourcemanager.googleapis.com/v1/projects/hdd-client:testIamPermissions  
 {"permissions":["firebase.projects.get"]}
[debug] [2022-05-23T14:23:29.407Z] <<< HTTP RESPONSE 200 {"content-type":"application/json; charset=UTF-8","vary":"X-Origin, Referer, Origin,Accept-Encoding","date":"Mon, 23 May 2022 14:23:28 GMT","server":"ESF","cache-control":"private","x-xss-protection":"0","x-frame-options":"SAMEORIGIN","x-content-type-options":"nosniff","server-timing":"gfet4t7; dur=582","alt-svc":"h3=\":443\"; ma=2592000,h3-29=\":443\"; ma=2592000,h3-Q050=\":443\"; ma=2592000,h3-Q046=\":443\"; ma=2592000,h3-Q043=\":443\"; ma=2592000,quic=\":443\"; ma=2592000; v=\"46,43\"","accept-ranges":"none","transfer-encoding":"chunked"}
[debug] [2022-05-23T14:23:29.412Z] > refreshing access token with scopes: []
[debug] [2022-05-23T14:23:29.412Z] >>> HTTP REQUEST POST https://www.googleapis.com/oauth2/v3/token  
 <request body omitted>
[debug] [2022-05-23T14:23:29.643Z] <<< HTTP RESPONSE 200 {"expires":"Mon, 01 Jan 1990 00:00:00 GMT","cache-control":"no-cache, no-store, max-age=0, must-revalidate","pragma":"no-cache","date":"Mon, 23 May 2022 14:23:28 GMT","content-type":"application/json; charset=utf-8","vary":"X-Origin, Referer, Origin,Accept-Encoding","server":"scaffolding on HTTPServer2","x-xss-protection":"0","x-frame-options":"SAMEORIGIN","x-content-type-options":"nosniff","alt-svc":"h3=\":443\"; ma=2592000,h3-29=\":443\"; ma=2592000,h3-Q050=\":443\"; ma=2592000,h3-Q046=\":443\"; ma=2592000,h3-Q043=\":443\"; ma=2592000,quic=\":443\"; ma=2592000; v=\"46,43\"","accept-ranges":"none","transfer-encoding":"chunked"}
[debug] [2022-05-23T14:23:29.681Z] >>> [apiv2][query] GET https://firebase.googleapis.com/v1beta1/projects/hdd-client [none]
[debug] [2022-05-23T14:23:30.220Z] <<< [apiv2][status] GET https://firebase.googleapis.com/v1beta1/projects/hdd-client 200
[debug] [2022-05-23T14:23:30.222Z] <<< [apiv2][body] GET https://firebase.googleapis.com/v1beta1/projects/hdd-client {"projectId":"hdd-client","projectNumber":"452528984612","displayName":"HDD-Client","name":"projects/hdd-client","resources":{"hostingSite":"hdd-client","storageBucket":"hdd-client.appspot.com","locationId":"asia-northeast1"},"state":"ACTIVE"}
[info] 
[info] === Serving from 'C:\Users\lnr99\Documents\hdd'...
[info] 
[warn] !  Your requested "node" version "16" doesn't match your global version "14" {"metadata":{"emulator":{"name":"functions"},"message":"Your requested \"node\" version \"16\" doesn't match your global version \"14\""}}
[debug] [2022-05-23T14:23:30.301Z] defaultcredentials: writing to file C:\Users\lnr99\AppData\Roaming\firebase\lnr9920_gmail_com_application_default_credentials.json
[debug] [2022-05-23T14:23:30.307Z] Setting GAC to C:\Users\lnr99\AppData\Roaming\firebase\lnr9920_gmail_com_application_default_credentials.json {"metadata":{"emulator":{"name":"functions"},"message":"Setting GAC to C:\\Users\\lnr99\\AppData\\Roaming\\firebase\\lnr9920_gmail_com_application_default_credentials.json"}}
[debug] [2022-05-23T14:23:30.309Z] >>> [apiv2][query] GET https://firebase.googleapis.com/v1beta1/projects/hdd-client/adminSdkConfig [none]
[debug] [2022-05-23T14:23:30.819Z] <<< [apiv2][status] GET https://firebase.googleapis.com/v1beta1/projects/hdd-client/adminSdkConfig 200
[debug] [2022-05-23T14:23:30.819Z] <<< [apiv2][body] GET https://firebase.googleapis.com/v1beta1/projects/hdd-client/adminSdkConfig {"projectId":"hdd-client","storageBucket":"hdd-client.appspot.com","locationId":"asia-northeast1"}
[info] i  functions: Watching "C:\Users\lnr99\Documents\hdd\functions" for Cloud Functions... {"metadata":{"emulator":{"name":"functions"},"message":"Watching \"C:\\Users\\lnr99\\Documents\\hdd\\functions\" for Cloud Functions..."}}
[debug] [2022-05-23T14:23:30.868Z] [worker-pool] addWorker(~diagnostic~) {"metadata":{"emulator":{"name":"functions"},"message":"[worker-pool] addWorker(~diagnostic~)"}}
[debug] [2022-05-23T14:23:30.869Z] [worker-pool] Adding worker with key ~diagnostic~, total=1 {"metadata":{"emulator":{"name":"functions"},"message":"[worker-pool] Adding worker with key ~diagnostic~, total=1"}}
[debug] [2022-05-23T14:23:30.870Z] [worker-pool] submitWork(triggerId=) {"metadata":{"emulator":{"name":"functions"},"message":"[worker-pool] submitWork(triggerId=)"}}
[debug] [2022-05-23T14:23:30.870Z] [worker-~diagnostic~-19afd51b-dfd4-4cf6-b7ee-4a50e0d949f5]: Assigning socketPath: \\?\pipe\C:\Users\lnr99\Documents\hdd\functions\15976 {"metadata":{"emulator":{"name":"functions"},"message":"[worker-~diagnostic~-19afd51b-dfd4-4cf6-b7ee-4a50e0d949f5]: Assigning socketPath: \\\\?\\pipe\\C:\\Users\\lnr99\\Documents\\hdd\\functions\\15976"}}
[debug] [2022-05-23T14:23:30.871Z] [worker-~diagnostic~-19afd51b-dfd4-4cf6-b7ee-4a50e0d949f5]: BUSY {"metadata":{"emulator":{"name":"functions"},"message":"[worker-~diagnostic~-19afd51b-dfd4-4cf6-b7ee-4a50e0d949f5]: BUSY"}}
